  [1m[36m (0.1ms)[0m  [1mselect sqlite_version(*)[0m
  [1m[35m (3.4ms)[0m  CREATE TABLE "schema_migrations" ("version" varchar(255) NOT NULL) 
  [1m[36m (0.1ms)[0m  [1mPRAGMA index_list("schema_migrations")[0m
  [1m[35m (1.5ms)[0m  CREATE UNIQUE INDEX "unique_schema_migrations" ON "schema_migrations" ("version")
  [1m[36m (0.1ms)[0m  [1mSELECT "schema_migrations"."version" FROM "schema_migrations" [0m
Migrating to DeviseCreateUsers (20120916040244)
  [1m[35m (0.0ms)[0m  begin transaction
  [1m[36m (0.5ms)[0m  [1mCREATE TABLE "users" ("id" INTEGER PRIMARY KEY AUTOINCREMENT NOT NULL, "email" varchar(255) DEFAULT '' NOT NULL, "encrypted_password" varchar(255) DEFAULT '' NOT NULL, "reset_password_token" varchar(255), "reset_password_sent_at" datetime, "remember_created_at" datetime, "sign_in_count" integer DEFAULT 0, "current_sign_in_at" datetime, "last_sign_in_at" datetime, "current_sign_in_ip" varchar(255), "last_sign_in_ip" varchar(255), "created_at" datetime NOT NULL, "updated_at" datetime NOT NULL) [0m
  [1m[35m (0.0ms)[0m  PRAGMA index_list("users")
  [1m[36m (0.3ms)[0m  [1mCREATE UNIQUE INDEX "index_users_on_email" ON "users" ("email")[0m
  [1m[35m (0.0ms)[0m  PRAGMA index_list("users")
  [1m[36m (0.0ms)[0m  [1mPRAGMA index_info('index_users_on_email')[0m
  [1m[35m (0.1ms)[0m  CREATE UNIQUE INDEX "index_users_on_reset_password_token" ON "users" ("reset_password_token")
  [1m[36m (0.1ms)[0m  [1mINSERT INTO "schema_migrations" ("version") VALUES ('20120916040244')[0m
  [1m[35m (1.5ms)[0m  commit transaction
  [1m[36m (0.3ms)[0m  [1mselect sqlite_version(*)[0m
  [1m[35m (0.1ms)[0m  SELECT "schema_migrations"."version" FROM "schema_migrations" 
  [1m[36m (0.0ms)[0m  [1mPRAGMA index_list("users")[0m
  [1m[35m (0.0ms)[0m  PRAGMA index_info('index_users_on_reset_password_token')
  [1m[36m (0.0ms)[0m  [1mPRAGMA index_info('index_users_on_email')[0m


Started GET "/users/sign_up" for 127.0.0.1 at 2012-09-15 21:05:49 -0700
Processing by Devise::RegistrationsController#new as HTML
  Rendered /Users/tallevy/.rvm/gems/ruby-1.9.2-p318/gems/devise-2.1.2/app/views/devise/shared/_links.erb (1.3ms)
  Rendered /Users/tallevy/.rvm/gems/ruby-1.9.2-p318/gems/devise-2.1.2/app/views/devise/registrations/new.html.erb within layouts/application (43.0ms)
Completed 200 OK in 208ms (Views: 140.5ms | ActiveRecord: 1.9ms)


Started GET "/assets/application.css?body=1" for 127.0.0.1 at 2012-09-15 21:05:50 -0700
Served asset /application.css - 304 Not Modified (5ms)


Started GET "/assets/home.css?body=1" for 127.0.0.1 at 2012-09-15 21:05:50 -0700
Served asset /home.css - 304 Not Modified (2ms)


Started GET "/assets/jquery.js?body=1" for 127.0.0.1 at 2012-09-15 21:05:50 -0700
Served asset /jquery.js - 304 Not Modified (2ms)


Started GET "/assets/jquery_ujs.js?body=1" for 127.0.0.1 at 2012-09-15 21:05:50 -0700
Served asset /jquery_ujs.js - 304 Not Modified (2ms)


Started GET "/assets/home.js?body=1" for 127.0.0.1 at 2012-09-15 21:05:50 -0700
Served asset /home.js - 304 Not Modified (1ms)


Started GET "/assets/application.js?body=1" for 127.0.0.1 at 2012-09-15 21:05:50 -0700
Served asset /application.js - 304 Not Modified (4ms)


Started POST "/users" for 127.0.0.1 at 2012-09-15 21:06:04 -0700
Processing by Devise::RegistrationsController#create as HTML
  Parameters: {"utf8"=>"✓", "authenticity_token"=>"eRIlSXZrLyrJTtVc4Jk5HVMrhKpkuwemLgawPcJA0zw=", "user"=>{"email"=>"tal42levy@gmail.com", "password"=>"[FILTERED]", "password_confirmation"=>"[FILTERED]"}, "commit"=>"Sign up"}
  [1m[36m (0.1ms)[0m  [1mbegin transaction[0m
  [1m[35mUser Exists (0.1ms)[0m  SELECT 1 FROM "users" WHERE "users"."email" = 'tal42levy@gmail.com' LIMIT 1
Binary data inserted for `string` type on column `encrypted_password`
  [1m[36mSQL (1.5ms)[0m  [1mINSERT INTO "users" ("created_at", "current_sign_in_at", "current_sign_in_ip", "email", "encrypted_password", "last_sign_in_at", "last_sign_in_ip", "remember_created_at", "reset_password_sent_at", "reset_password_token", "sign_in_count", "updated_at") VALUES (?, ?, ?, ?, ?, ?, ?, ?, ?, ?, ?, ?)[0m  [["created_at", Sun, 16 Sep 2012 04:06:04 UTC +00:00], ["current_sign_in_at", nil], ["current_sign_in_ip", nil], ["email", "tal42levy@gmail.com"], ["encrypted_password", "$2a$10$kqpJ8Z8vfvAigz9Q01D/Ye8Eg4M9Z9T7P9kB1hZvks0EDOfIFOFx2"], ["last_sign_in_at", nil], ["last_sign_in_ip", nil], ["remember_created_at", nil], ["reset_password_sent_at", nil], ["reset_password_token", nil], ["sign_in_count", 0], ["updated_at", Sun, 16 Sep 2012 04:06:04 UTC +00:00]]
  [1m[35m (1.4ms)[0m  commit transaction
  [1m[36m (0.0ms)[0m  [1mbegin transaction[0m
  [1m[35m (0.5ms)[0m  UPDATE "users" SET "last_sign_in_at" = '2012-09-16 04:06:04.440756', "current_sign_in_at" = '2012-09-16 04:06:04.440756', "last_sign_in_ip" = '127.0.0.1', "current_sign_in_ip" = '127.0.0.1', "sign_in_count" = 1, "updated_at" = '2012-09-16 04:06:04.441298' WHERE "users"."id" = 1
  [1m[36m (1.6ms)[0m  [1mcommit transaction[0m
Redirected to http://localhost:3000/
Completed 302 Found in 175ms (ActiveRecord: 0.0ms)


Started GET "/" for 127.0.0.1 at 2012-09-15 21:06:04 -0700
Processing by HomeController#index as HTML
  Rendered home/index.html.erb within layouts/application (0.3ms)
  [1m[35mUser Load (0.2ms)[0m  SELECT "users".* FROM "users" WHERE "users"."id" = 1 LIMIT 1
Completed 200 OK in 51ms (Views: 50.1ms | ActiveRecord: 0.2ms)


Started GET "/assets/jquery.js?body=1" for 127.0.0.1 at 2012-09-15 21:06:04 -0700
Served asset /jquery.js - 304 Not Modified (0ms)


Started GET "/assets/home.css?body=1" for 127.0.0.1 at 2012-09-15 21:06:04 -0700
Served asset /home.css - 304 Not Modified (0ms)


Started GET "/assets/application.css?body=1" for 127.0.0.1 at 2012-09-15 21:06:04 -0700
Served asset /application.css - 304 Not Modified (0ms)


Started GET "/assets/home.js?body=1" for 127.0.0.1 at 2012-09-15 21:06:04 -0700
Served asset /home.js - 304 Not Modified (0ms)


Started GET "/assets/application.js?body=1" for 127.0.0.1 at 2012-09-15 21:06:04 -0700
Served asset /application.js - 304 Not Modified (0ms)


Started GET "/assets/jquery_ujs.js?body=1" for 127.0.0.1 at 2012-09-15 21:06:04 -0700
Served asset /jquery_ujs.js - 304 Not Modified (0ms)


Started GET "/users/sign_out" for 127.0.0.1 at 2012-09-15 21:08:57 -0700

ActionController::RoutingError (No route matches [GET] "/users/sign_out"):
  actionpack (3.2.3) lib/action_dispatch/middleware/debug_exceptions.rb:21:in `call'
  actionpack (3.2.3) lib/action_dispatch/middleware/show_exceptions.rb:56:in `call'
  railties (3.2.3) lib/rails/rack/logger.rb:26:in `call_app'
  railties (3.2.3) lib/rails/rack/logger.rb:16:in `call'
  actionpack (3.2.3) lib/action_dispatch/middleware/request_id.rb:22:in `call'
  rack (1.4.1) lib/rack/methodoverride.rb:21:in `call'
  rack (1.4.1) lib/rack/runtime.rb:17:in `call'
  activesupport (3.2.3) lib/active_support/cache/strategy/local_cache.rb:72:in `call'
  rack (1.4.1) lib/rack/lock.rb:15:in `call'
  actionpack (3.2.3) lib/action_dispatch/middleware/static.rb:62:in `call'
  railties (3.2.3) lib/rails/engine.rb:479:in `call'
  railties (3.2.3) lib/rails/application.rb:220:in `call'
  rack (1.4.1) lib/rack/content_length.rb:14:in `call'
  railties (3.2.3) lib/rails/rack/log_tailer.rb:14:in `call'
  rack (1.4.1) lib/rack/handler/webrick.rb:59:in `service'
  /Users/tallevy/.rvm/rubies/ruby-1.9.2-p318/lib/ruby/1.9.1/webrick/httpserver.rb:111:in `service'
  /Users/tallevy/.rvm/rubies/ruby-1.9.2-p318/lib/ruby/1.9.1/webrick/httpserver.rb:70:in `run'
  /Users/tallevy/.rvm/rubies/ruby-1.9.2-p318/lib/ruby/1.9.1/webrick/server.rb:183:in `block in start_thread'


  Rendered /Users/tallevy/.rvm/gems/ruby-1.9.2-p318/gems/actionpack-3.2.3/lib/action_dispatch/middleware/templates/rescues/routing_error.erb within rescues/layout (0.5ms)


Started GET "/users/sign_out" for 127.0.0.1 at 2012-09-15 21:09:20 -0700

ActionController::RoutingError (No route matches [GET] "/users/sign_out"):
  actionpack (3.2.3) lib/action_dispatch/middleware/debug_exceptions.rb:21:in `call'
  actionpack (3.2.3) lib/action_dispatch/middleware/show_exceptions.rb:56:in `call'
  railties (3.2.3) lib/rails/rack/logger.rb:26:in `call_app'
  railties (3.2.3) lib/rails/rack/logger.rb:16:in `call'
  actionpack (3.2.3) lib/action_dispatch/middleware/request_id.rb:22:in `call'
  rack (1.4.1) lib/rack/methodoverride.rb:21:in `call'
  rack (1.4.1) lib/rack/runtime.rb:17:in `call'
  activesupport (3.2.3) lib/active_support/cache/strategy/local_cache.rb:72:in `call'
  rack (1.4.1) lib/rack/lock.rb:15:in `call'
  actionpack (3.2.3) lib/action_dispatch/middleware/static.rb:62:in `call'
  railties (3.2.3) lib/rails/engine.rb:479:in `call'
  railties (3.2.3) lib/rails/application.rb:220:in `call'
  rack (1.4.1) lib/rack/content_length.rb:14:in `call'
  railties (3.2.3) lib/rails/rack/log_tailer.rb:14:in `call'
  rack (1.4.1) lib/rack/handler/webrick.rb:59:in `service'
  /Users/tallevy/.rvm/rubies/ruby-1.9.2-p318/lib/ruby/1.9.1/webrick/httpserver.rb:111:in `service'
  /Users/tallevy/.rvm/rubies/ruby-1.9.2-p318/lib/ruby/1.9.1/webrick/httpserver.rb:70:in `run'
  /Users/tallevy/.rvm/rubies/ruby-1.9.2-p318/lib/ruby/1.9.1/webrick/server.rb:183:in `block in start_thread'


  Rendered /Users/tallevy/.rvm/gems/ruby-1.9.2-p318/gems/actionpack-3.2.3/lib/action_dispatch/middleware/templates/rescues/routing_error.erb within rescues/layout (0.5ms)


Started GET "/" for 127.0.0.1 at 2012-09-15 21:09:23 -0700
Processing by HomeController#index as HTML
  Rendered home/index.html.erb within layouts/application (0.0ms)
  [1m[36mUser Load (0.2ms)[0m  [1mSELECT "users".* FROM "users" WHERE "users"."id" = 1 LIMIT 1[0m
Completed 200 OK in 5ms (Views: 5.0ms | ActiveRecord: 0.2ms)


Started GET "/assets/home.css?body=1" for 127.0.0.1 at 2012-09-15 21:09:23 -0700
Served asset /home.css - 304 Not Modified (0ms)


Started GET "/assets/application.css?body=1" for 127.0.0.1 at 2012-09-15 21:09:23 -0700
Served asset /application.css - 304 Not Modified (0ms)


Started GET "/assets/jquery.js?body=1" for 127.0.0.1 at 2012-09-15 21:09:23 -0700
Served asset /jquery.js - 304 Not Modified (0ms)


Started GET "/assets/jquery_ujs.js?body=1" for 127.0.0.1 at 2012-09-15 21:09:23 -0700
Served asset /jquery_ujs.js - 304 Not Modified (0ms)


Started GET "/assets/home.js?body=1" for 127.0.0.1 at 2012-09-15 21:09:23 -0700
Served asset /home.js - 304 Not Modified (0ms)


Started GET "/assets/application.js?body=1" for 127.0.0.1 at 2012-09-15 21:09:23 -0700
Served asset /application.js - 304 Not Modified (0ms)


Started GET "/users/sign_out" for 127.0.0.1 at 2012-09-15 21:09:31 -0700

ActionController::RoutingError (No route matches [GET] "/users/sign_out"):
  actionpack (3.2.3) lib/action_dispatch/middleware/debug_exceptions.rb:21:in `call'
  actionpack (3.2.3) lib/action_dispatch/middleware/show_exceptions.rb:56:in `call'
  railties (3.2.3) lib/rails/rack/logger.rb:26:in `call_app'
  railties (3.2.3) lib/rails/rack/logger.rb:16:in `call'
  actionpack (3.2.3) lib/action_dispatch/middleware/request_id.rb:22:in `call'
  rack (1.4.1) lib/rack/methodoverride.rb:21:in `call'
  rack (1.4.1) lib/rack/runtime.rb:17:in `call'
  activesupport (3.2.3) lib/active_support/cache/strategy/local_cache.rb:72:in `call'
  rack (1.4.1) lib/rack/lock.rb:15:in `call'
  actionpack (3.2.3) lib/action_dispatch/middleware/static.rb:62:in `call'
  railties (3.2.3) lib/rails/engine.rb:479:in `call'
  railties (3.2.3) lib/rails/application.rb:220:in `call'
  rack (1.4.1) lib/rack/content_length.rb:14:in `call'
  railties (3.2.3) lib/rails/rack/log_tailer.rb:14:in `call'
  rack (1.4.1) lib/rack/handler/webrick.rb:59:in `service'
  /Users/tallevy/.rvm/rubies/ruby-1.9.2-p318/lib/ruby/1.9.1/webrick/httpserver.rb:111:in `service'
  /Users/tallevy/.rvm/rubies/ruby-1.9.2-p318/lib/ruby/1.9.1/webrick/httpserver.rb:70:in `run'
  /Users/tallevy/.rvm/rubies/ruby-1.9.2-p318/lib/ruby/1.9.1/webrick/server.rb:183:in `block in start_thread'


  Rendered /Users/tallevy/.rvm/gems/ruby-1.9.2-p318/gems/actionpack-3.2.3/lib/action_dispatch/middleware/templates/rescues/routing_error.erb within rescues/layout (0.5ms)


Started GET "/users/sign_out" for 127.0.0.1 at 2012-09-15 21:10:20 -0700

ActionController::RoutingError (No route matches [GET] "/users/sign_out"):
  actionpack (3.2.3) lib/action_dispatch/middleware/debug_exceptions.rb:21:in `call'
  actionpack (3.2.3) lib/action_dispatch/middleware/show_exceptions.rb:56:in `call'
  railties (3.2.3) lib/rails/rack/logger.rb:26:in `call_app'
  railties (3.2.3) lib/rails/rack/logger.rb:16:in `call'
  actionpack (3.2.3) lib/action_dispatch/middleware/request_id.rb:22:in `call'
  rack (1.4.1) lib/rack/methodoverride.rb:21:in `call'
  rack (1.4.1) lib/rack/runtime.rb:17:in `call'
  activesupport (3.2.3) lib/active_support/cache/strategy/local_cache.rb:72:in `call'
  rack (1.4.1) lib/rack/lock.rb:15:in `call'
  actionpack (3.2.3) lib/action_dispatch/middleware/static.rb:62:in `call'
  railties (3.2.3) lib/rails/engine.rb:479:in `call'
  railties (3.2.3) lib/rails/application.rb:220:in `call'
  rack (1.4.1) lib/rack/content_length.rb:14:in `call'
  railties (3.2.3) lib/rails/rack/log_tailer.rb:14:in `call'
  rack (1.4.1) lib/rack/handler/webrick.rb:59:in `service'
  /Users/tallevy/.rvm/rubies/ruby-1.9.2-p318/lib/ruby/1.9.1/webrick/httpserver.rb:111:in `service'
  /Users/tallevy/.rvm/rubies/ruby-1.9.2-p318/lib/ruby/1.9.1/webrick/httpserver.rb:70:in `run'
  /Users/tallevy/.rvm/rubies/ruby-1.9.2-p318/lib/ruby/1.9.1/webrick/server.rb:183:in `block in start_thread'


  Rendered /Users/tallevy/.rvm/gems/ruby-1.9.2-p318/gems/actionpack-3.2.3/lib/action_dispatch/middleware/templates/rescues/routing_error.erb within rescues/layout (0.6ms)


Started GET "/users/sign_out" for 127.0.0.1 at 2012-09-15 21:11:27 -0700

ActionController::RoutingError (No route matches [GET] "/users/sign_out"):
  actionpack (3.2.3) lib/action_dispatch/middleware/debug_exceptions.rb:21:in `call'
  actionpack (3.2.3) lib/action_dispatch/middleware/show_exceptions.rb:56:in `call'
  railties (3.2.3) lib/rails/rack/logger.rb:26:in `call_app'
  railties (3.2.3) lib/rails/rack/logger.rb:16:in `call'
  actionpack (3.2.3) lib/action_dispatch/middleware/request_id.rb:22:in `call'
  rack (1.4.1) lib/rack/methodoverride.rb:21:in `call'
  rack (1.4.1) lib/rack/runtime.rb:17:in `call'
  activesupport (3.2.3) lib/active_support/cache/strategy/local_cache.rb:72:in `call'
  rack (1.4.1) lib/rack/lock.rb:15:in `call'
  actionpack (3.2.3) lib/action_dispatch/middleware/static.rb:62:in `call'
  railties (3.2.3) lib/rails/engine.rb:479:in `call'
  railties (3.2.3) lib/rails/application.rb:220:in `call'
  rack (1.4.1) lib/rack/content_length.rb:14:in `call'
  railties (3.2.3) lib/rails/rack/log_tailer.rb:14:in `call'
  rack (1.4.1) lib/rack/handler/webrick.rb:59:in `service'
  /Users/tallevy/.rvm/rubies/ruby-1.9.2-p318/lib/ruby/1.9.1/webrick/httpserver.rb:111:in `service'
  /Users/tallevy/.rvm/rubies/ruby-1.9.2-p318/lib/ruby/1.9.1/webrick/httpserver.rb:70:in `run'
  /Users/tallevy/.rvm/rubies/ruby-1.9.2-p318/lib/ruby/1.9.1/webrick/server.rb:183:in `block in start_thread'


  Rendered /Users/tallevy/.rvm/gems/ruby-1.9.2-p318/gems/actionpack-3.2.3/lib/action_dispatch/middleware/templates/rescues/routing_error.erb within rescues/layout (0.5ms)


Started GET "/" for 127.0.0.1 at 2012-09-15 21:11:28 -0700
Processing by HomeController#index as HTML
  Rendered home/index.html.erb within layouts/application (0.0ms)
  [1m[35mUser Load (0.2ms)[0m  SELECT "users".* FROM "users" WHERE "users"."id" = 1 LIMIT 1
Completed 200 OK in 7ms (Views: 6.7ms | ActiveRecord: 0.2ms)


Started GET "/assets/defaults.js" for 127.0.0.1 at 2012-09-15 21:11:28 -0700
Served asset /defaults.js - 404 Not Found (2ms)

ActionController::RoutingError (No route matches [GET] "/assets/defaults.js"):
  actionpack (3.2.3) lib/action_dispatch/middleware/debug_exceptions.rb:21:in `call'
  actionpack (3.2.3) lib/action_dispatch/middleware/show_exceptions.rb:56:in `call'
  railties (3.2.3) lib/rails/rack/logger.rb:26:in `call_app'
  railties (3.2.3) lib/rails/rack/logger.rb:16:in `call'
  actionpack (3.2.3) lib/action_dispatch/middleware/request_id.rb:22:in `call'
  rack (1.4.1) lib/rack/methodoverride.rb:21:in `call'
  rack (1.4.1) lib/rack/runtime.rb:17:in `call'
  activesupport (3.2.3) lib/active_support/cache/strategy/local_cache.rb:72:in `call'
  rack (1.4.1) lib/rack/lock.rb:15:in `call'
  actionpack (3.2.3) lib/action_dispatch/middleware/static.rb:62:in `call'
  railties (3.2.3) lib/rails/engine.rb:479:in `call'
  railties (3.2.3) lib/rails/application.rb:220:in `call'
  rack (1.4.1) lib/rack/content_length.rb:14:in `call'
  railties (3.2.3) lib/rails/rack/log_tailer.rb:14:in `call'
  rack (1.4.1) lib/rack/handler/webrick.rb:59:in `service'
  /Users/tallevy/.rvm/rubies/ruby-1.9.2-p318/lib/ruby/1.9.1/webrick/httpserver.rb:111:in `service'
  /Users/tallevy/.rvm/rubies/ruby-1.9.2-p318/lib/ruby/1.9.1/webrick/httpserver.rb:70:in `run'
  /Users/tallevy/.rvm/rubies/ruby-1.9.2-p318/lib/ruby/1.9.1/webrick/server.rb:183:in `block in start_thread'


  Rendered /Users/tallevy/.rvm/gems/ruby-1.9.2-p318/gems/actionpack-3.2.3/lib/action_dispatch/middleware/templates/rescues/routing_error.erb within rescues/layout (0.5ms)


Started GET "/users/sign_out" for 127.0.0.1 at 2012-09-15 21:11:32 -0700

ActionController::RoutingError (No route matches [GET] "/users/sign_out"):
  actionpack (3.2.3) lib/action_dispatch/middleware/debug_exceptions.rb:21:in `call'
  actionpack (3.2.3) lib/action_dispatch/middleware/show_exceptions.rb:56:in `call'
  railties (3.2.3) lib/rails/rack/logger.rb:26:in `call_app'
  railties (3.2.3) lib/rails/rack/logger.rb:16:in `call'
  actionpack (3.2.3) lib/action_dispatch/middleware/request_id.rb:22:in `call'
  rack (1.4.1) lib/rack/methodoverride.rb:21:in `call'
  rack (1.4.1) lib/rack/runtime.rb:17:in `call'
  activesupport (3.2.3) lib/active_support/cache/strategy/local_cache.rb:72:in `call'
  rack (1.4.1) lib/rack/lock.rb:15:in `call'
  actionpack (3.2.3) lib/action_dispatch/middleware/static.rb:62:in `call'
  railties (3.2.3) lib/rails/engine.rb:479:in `call'
  railties (3.2.3) lib/rails/application.rb:220:in `call'
  rack (1.4.1) lib/rack/content_length.rb:14:in `call'
  railties (3.2.3) lib/rails/rack/log_tailer.rb:14:in `call'
  rack (1.4.1) lib/rack/handler/webrick.rb:59:in `service'
  /Users/tallevy/.rvm/rubies/ruby-1.9.2-p318/lib/ruby/1.9.1/webrick/httpserver.rb:111:in `service'
  /Users/tallevy/.rvm/rubies/ruby-1.9.2-p318/lib/ruby/1.9.1/webrick/httpserver.rb:70:in `run'
  /Users/tallevy/.rvm/rubies/ruby-1.9.2-p318/lib/ruby/1.9.1/webrick/server.rb:183:in `block in start_thread'


  Rendered /Users/tallevy/.rvm/gems/ruby-1.9.2-p318/gems/actionpack-3.2.3/lib/action_dispatch/middleware/templates/rescues/routing_error.erb within rescues/layout (0.5ms)


Started GET "/" for 127.0.0.1 at 2012-09-15 21:11:41 -0700
Processing by HomeController#index as HTML
  Rendered home/index.html.erb within layouts/application (1.5ms)
  [1m[36mUser Load (0.1ms)[0m  [1mSELECT "users".* FROM "users" WHERE "users"."id" = 1 LIMIT 1[0m
Completed 200 OK in 89ms (Views: 68.8ms | ActiveRecord: 20.3ms)


Started GET "/users/sign_out" for 127.0.0.1 at 2012-09-15 21:11:42 -0700

ActionController::RoutingError (No route matches [GET] "/users/sign_out"):
  actionpack (3.2.3) lib/action_dispatch/middleware/debug_exceptions.rb:21:in `call'
  actionpack (3.2.3) lib/action_dispatch/middleware/show_exceptions.rb:56:in `call'
  railties (3.2.3) lib/rails/rack/logger.rb:26:in `call_app'
  railties (3.2.3) lib/rails/rack/logger.rb:16:in `call'
  actionpack (3.2.3) lib/action_dispatch/middleware/request_id.rb:22:in `call'
  rack (1.4.1) lib/rack/methodoverride.rb:21:in `call'
  rack (1.4.1) lib/rack/runtime.rb:17:in `call'
  activesupport (3.2.3) lib/active_support/cache/strategy/local_cache.rb:72:in `call'
  rack (1.4.1) lib/rack/lock.rb:15:in `call'
  actionpack (3.2.3) lib/action_dispatch/middleware/static.rb:62:in `call'
  railties (3.2.3) lib/rails/engine.rb:479:in `call'
  railties (3.2.3) lib/rails/application.rb:220:in `call'
  rack (1.4.1) lib/rack/content_length.rb:14:in `call'
  railties (3.2.3) lib/rails/rack/log_tailer.rb:14:in `call'
  rack (1.4.1) lib/rack/handler/webrick.rb:59:in `service'
  /Users/tallevy/.rvm/rubies/ruby-1.9.2-p318/lib/ruby/1.9.1/webrick/httpserver.rb:111:in `service'
  /Users/tallevy/.rvm/rubies/ruby-1.9.2-p318/lib/ruby/1.9.1/webrick/httpserver.rb:70:in `run'
  /Users/tallevy/.rvm/rubies/ruby-1.9.2-p318/lib/ruby/1.9.1/webrick/server.rb:183:in `block in start_thread'


  Rendered /Users/tallevy/.rvm/gems/ruby-1.9.2-p318/gems/actionpack-3.2.3/lib/action_dispatch/middleware/templates/rescues/routing_error.erb within rescues/layout (0.4ms)


Started GET "/users/sign_out" for 127.0.0.1 at 2012-09-15 21:13:02 -0700
Processing by Devise::SessionsController#destroy as HTML
  [1m[36mUser Load (0.1ms)[0m  [1mSELECT "users".* FROM "users" WHERE "users"."id" = 1 LIMIT 1[0m
  [1m[35m (0.1ms)[0m  begin transaction
  [1m[36m (0.1ms)[0m  [1mcommit transaction[0m
Redirected to http://localhost:3000/
Completed 302 Found in 122ms (ActiveRecord: 21.0ms)


Started GET "/" for 127.0.0.1 at 2012-09-15 21:13:02 -0700
Processing by HomeController#index as HTML
  Rendered home/index.html.erb within layouts/application (1.7ms)
Completed 200 OK in 18ms (Views: 17.9ms | ActiveRecord: 0.0ms)


Started GET "/assets/application.css?body=1" for 127.0.0.1 at 2012-09-15 21:13:02 -0700
Served asset /application.css - 304 Not Modified (3ms)


Started GET "/assets/home.css?body=1" for 127.0.0.1 at 2012-09-15 21:13:02 -0700
Served asset /home.css - 304 Not Modified (22ms)


Started GET "/assets/defaults.js" for 127.0.0.1 at 2012-09-15 21:13:02 -0700
Served asset /defaults.js - 404 Not Found (2ms)

ActionController::RoutingError (No route matches [GET] "/assets/defaults.js"):
  actionpack (3.2.3) lib/action_dispatch/middleware/debug_exceptions.rb:21:in `call'
  actionpack (3.2.3) lib/action_dispatch/middleware/show_exceptions.rb:56:in `call'
  railties (3.2.3) lib/rails/rack/logger.rb:26:in `call_app'
  railties (3.2.3) lib/rails/rack/logger.rb:16:in `call'
  actionpack (3.2.3) lib/action_dispatch/middleware/request_id.rb:22:in `call'
  rack (1.4.1) lib/rack/methodoverride.rb:21:in `call'
  rack (1.4.1) lib/rack/runtime.rb:17:in `call'
  activesupport (3.2.3) lib/active_support/cache/strategy/local_cache.rb:72:in `call'
  rack (1.4.1) lib/rack/lock.rb:15:in `call'
  actionpack (3.2.3) lib/action_dispatch/middleware/static.rb:62:in `call'
  railties (3.2.3) lib/rails/engine.rb:479:in `call'
  railties (3.2.3) lib/rails/application.rb:220:in `call'
  rack (1.4.1) lib/rack/content_length.rb:14:in `call'
  railties (3.2.3) lib/rails/rack/log_tailer.rb:14:in `call'
  rack (1.4.1) lib/rack/handler/webrick.rb:59:in `service'
  /Users/tallevy/.rvm/rubies/ruby-1.9.2-p318/lib/ruby/1.9.1/webrick/httpserver.rb:111:in `service'
  /Users/tallevy/.rvm/rubies/ruby-1.9.2-p318/lib/ruby/1.9.1/webrick/httpserver.rb:70:in `run'
  /Users/tallevy/.rvm/rubies/ruby-1.9.2-p318/lib/ruby/1.9.1/webrick/server.rb:183:in `block in start_thread'


  Rendered /Users/tallevy/.rvm/gems/ruby-1.9.2-p318/gems/actionpack-3.2.3/lib/action_dispatch/middleware/templates/rescues/routing_error.erb within rescues/layout (0.5ms)
